{"C:\\Users\\mrg16\\Desktop\\ajs4-test-task2\\index.js": {"path":"C:\\Users\\mrg16\\Desktop\\ajs4-test-task2\\index.js","statementMap":{"0":{"start":{"line":2,"column":2},"end":{"line":2,"column":51}},"1":{"start":{"line":2,"column":30},"end":{"line":2,"column":49}}},"fnMap":{"0":{"name":"sortHealthCharacters","decl":{"start":{"line":1,"column":24},"end":{"line":1,"column":44}},"loc":{"start":{"line":1,"column":52},"end":{"line":3,"column":1}},"line":1},"1":{"name":"(anonymous_1)","decl":{"start":{"line":2,"column":20},"end":{"line":2,"column":21}},"loc":{"start":{"line":2,"column":30},"end":{"line":2,"column":49}},"line":2}},"branchMap":{},"s":{"0":1,"1":4},"f":{"0":1,"1":4},"b":{},"_coverageSchema":"1a1c01bbd47fc00a2c39e90264f33305004495a9","hash":"c4f745214eba89bf81ab09de15bfe9a4dbffd92e"}
}
